2024-10-03 18:37:52,729 piTelex [INFO]: ===== piTelex rev 1bf6789 Update telex.json
2024-10-03 18:37:52,736 piTelex.__main__ [CRITICAL]: Traceback (most recent call last):
  File "/Users/volker_kerkhoff/Projects/kerk1v/piTelex/telex.py", line 414, in <module>
    main()
  File "/Users/volker_kerkhoff/Projects/kerk1v/piTelex/telex.py", line 367, in main
    init()
  File "/Users/volker_kerkhoff/Projects/kerk1v/piTelex/telex.py", line 185, in init
    import txDevRPiCtrl
  File "/Users/volker_kerkhoff/Projects/kerk1v/piTelex/txDevRPiCtrl.py", line 14, in <module>
    import pigpio # http://abyz.co.uk/rpi/pigpio/python.html   pip install pigpio
    ^^^^^^^^^^^^^
ModuleNotFoundError: No module named 'pigpio'

2024-10-03 18:38:03,600 piTelex [INFO]: ===== piTelex rev 1bf6789 Update telex.json
2024-10-03 18:38:03,607 piTelex.__main__ [CRITICAL]: Traceback (most recent call last):
  File "/Users/volker_kerkhoff/Projects/kerk1v/piTelex/telex.py", line 414, in <module>
    main()
  File "/Users/volker_kerkhoff/Projects/kerk1v/piTelex/telex.py", line 367, in main
    init()
  File "/Users/volker_kerkhoff/Projects/kerk1v/piTelex/telex.py", line 185, in init
    import txDevRPiCtrl
  File "/Users/volker_kerkhoff/Projects/kerk1v/piTelex/txDevRPiCtrl.py", line 19, in <module>
    from RPiIO import Button, LED, LED_PWM, NumberSwitch, pi, pi_exit
  File "/Users/volker_kerkhoff/Projects/kerk1v/piTelex/RPiIO.py", line 29, in <module>
    raise Exception('no connection to remote RPi')
Exception: no connection to remote RPi

2024-10-03 18:38:39,475 piTelex [INFO]: ===== piTelex rev 1bf6789 Update telex.json
2024-10-03 18:38:39,484 piTelex.__main__ [CRITICAL]: Traceback (most recent call last):
  File "/Users/volker_kerkhoff/Projects/kerk1v/piTelex/telex.py", line 414, in <module>
    main()
  File "/Users/volker_kerkhoff/Projects/kerk1v/piTelex/telex.py", line 367, in main
    init()
  File "/Users/volker_kerkhoff/Projects/kerk1v/piTelex/telex.py", line 185, in init
    import txDevRPiCtrl
  File "/Users/volker_kerkhoff/Projects/kerk1v/piTelex/txDevRPiCtrl.py", line 19, in <module>
    from RPiIO import Button, LED, LED_PWM, NumberSwitch, pi, pi_exit
  File "/Users/volker_kerkhoff/Projects/kerk1v/piTelex/RPiIO.py", line 29, in <module>
    raise Exception('no connection to remote RPi')
Exception: no connection to remote RPi

2024-10-03 18:39:35,649 piTelex [INFO]: ===== piTelex rev 1bf6789 Update telex.json
2024-10-03 18:39:35,659 piTelex.txDevITelexSrv [WARNING]: Invalid own number, ignored: 0
2024-10-03 18:39:35,679 piTelex.txDevArchive [INFO]: Archiving in '/Users/volker_kerkhoff/Projects/kerk1v/piTelex/./archive/'
2024-10-03 18:39:43,031 piTelex.txDevITelexClient [INFO]: Get User: '0'
2024-10-03 18:39:43,031 piTelex.txDevITelexClient [INFO]: No user found for number '0'
2024-10-03 18:39:43,316 piTelex.txDevMCP [INFO]: Printer start timer enabled
2024-10-03 18:39:43,317 piTelex.txDevArchive [INFO]: recording new message
2024-10-03 18:39:48,329 piTelex.txDevMCP [WARNING]: Printer start attempt timed out
2024-10-03 18:39:48,346 piTelex.txDevArchive [INFO]: No WRU answerback found
2024-10-03 18:39:48,346 piTelex.txDevArchive [INFO]: saving /Users/volker_kerkhoff/Projects/kerk1v/piTelex/./archive/2024-10-03 18.39.43.317 msg to !0.txt, length 8
2024-10-03 18:40:00,365 piTelex.txDevITelexClient [INFO]: Get User: '7'
2024-10-03 18:40:00,366 piTelex.txDevITelexClient [INFO]: No user found for number '7'
2024-10-03 18:40:00,555 piTelex.txDevITelexClient [INFO]: Get User: '73'
2024-10-03 18:40:00,555 piTelex.txDevITelexClient [INFO]: No user found for number '73'
2024-10-03 18:40:00,662 piTelex.txDevITelexClient [INFO]: Get User: '736'
2024-10-03 18:40:00,662 piTelex.txDevITelexClient [INFO]: No user found for number '736'
2024-10-03 18:40:00,856 piTelex.txDevITelexClient [INFO]: Get User: '7362'
2024-10-03 18:40:00,857 piTelex.txDevITelexClient [INFO]: No user found for number '7362'
2024-10-03 18:40:43,875 piTelex.__main__ [INFO]: Exit by Keyboard
2024-10-03 18:40:43,875 piTelex.txDevITelexCommon [WARNING]: While disconnecting, transmit buffer not empty, discarded; contents were: ['0', '0', '0', '0', '0', '\r', '\n', '\r', '\n', '7', '3', '6', '2']
2024-10-03 18:41:32,280 piTelex [INFO]: ===== piTelex rev 1bf6789 Update telex.json
2024-10-03 18:41:32,287 piTelex.txDevITelexSrv [WARNING]: Invalid own number, ignored: 0
2024-10-03 18:41:32,303 piTelex.txDevArchive [INFO]: Archiving in '/Users/volker_kerkhoff/Projects/kerk1v/piTelex/./archive/'
2024-10-03 18:41:42,680 piTelex.txDevITelexClient [INFO]: Get User: '0'
2024-10-03 18:41:42,680 piTelex.txDevITelexClient [INFO]: No user found for number '0'
2024-10-03 18:42:53,925 piTelex.__main__ [INFO]: Exit by Keyboard
2024-10-03 18:42:53,925 piTelex.txDevITelexCommon [WARNING]: While disconnecting, transmit buffer not empty, discarded; contents were: ['L', 'S', '\r', '\n', '0', '\r', '\n', '\r', '\n', '\r', '\n', '\r', '\n', '\r', '\n']
2024-10-03 18:42:58,385 piTelex [INFO]: ===== piTelex rev 1bf6789 Update telex.json
2024-10-03 18:42:58,389 piTelex.txDevITelexSrv [WARNING]: Invalid own number, ignored: 0
2024-10-03 18:42:58,405 piTelex.txDevArchive [INFO]: Archiving in '/Users/volker_kerkhoff/Projects/kerk1v/piTelex/./archive/'
2024-10-03 18:43:29,970 piTelex.__main__ [INFO]: Exit by Keyboard
2024-10-03 18:43:33,235 piTelex [INFO]: ===== piTelex rev 1bf6789 Update telex.json
2024-10-03 18:43:33,240 piTelex.txDevITelexSrv [WARNING]: Invalid own number, ignored: 0
2024-10-03 18:43:33,258 piTelex.txDevArchive [INFO]: Archiving in '/Users/volker_kerkhoff/Projects/kerk1v/piTelex/./archive/'
2024-10-03 18:43:52,128 piTelex.txDevMCP [INFO]: Printer start timer enabled
2024-10-03 18:43:52,129 piTelex.txDevArchive [INFO]: recording new message
2024-10-03 18:43:57,129 piTelex.txDevMCP [WARNING]: Printer start attempt timed out, feedback simulation enabled
2024-10-03 18:44:04,365 piTelex.txDevArchive [INFO]: No WRU answerback found
2024-10-03 18:44:04,366 piTelex.txDevArchive [INFO]: saving /Users/volker_kerkhoff/Projects/kerk1v/piTelex/./archive/2024-10-03 18.43.52.130 msg from [unknown].txt, length 0
2024-10-03 18:44:05,924 piTelex.__main__ [INFO]: Exit by Keyboard
2024-10-03 18:44:05,925 piTelex.txDevITelexCommon [WARNING]: While disconnecting, transmit buffer not empty, discarded; contents were: ['\r', '\n']
2024-10-03 18:44:09,457 piTelex [INFO]: ===== piTelex rev 1bf6789 Update telex.json
2024-10-03 18:44:09,461 piTelex.txDevITelexSrv [WARNING]: Invalid own number, ignored: 0
2024-10-03 18:44:09,478 piTelex.txDevArchive [INFO]: Archiving in '/Users/volker_kerkhoff/Projects/kerk1v/piTelex/./archive/'
2024-10-03 18:44:14,079 piTelex.txDevMCP [INFO]: Printer start timer enabled
2024-10-03 18:44:14,079 piTelex.txDevArchive [INFO]: recording new message
2024-10-03 18:44:19,139 piTelex.txDevMCP [WARNING]: Printer start attempt timed out, feedback simulation enabled
2024-10-03 18:44:29,442 piTelex.txDevArchive [INFO]: No WRU answerback found
2024-10-03 18:44:29,442 piTelex.txDevArchive [INFO]: saving /Users/volker_kerkhoff/Projects/kerk1v/piTelex/./archive/2024-10-03 18.44.14.079 msg from [unknown].txt, length 0
2024-10-03 18:44:33,275 piTelex.txDevITelexClient [INFO]: Get User: '0'
2024-10-03 18:44:33,275 piTelex.txDevITelexClient [INFO]: No user found for number '0'
2024-10-03 18:44:33,585 piTelex.txDevMCP [INFO]: Printer start timer enabled
2024-10-03 18:44:33,587 piTelex.txDevArchive [INFO]: recording new message
2024-10-03 18:44:38,641 piTelex.txDevMCP [WARNING]: Printer start attempt timed out, feedback simulation enabled
2024-10-03 18:44:51,390 piTelex.__main__ [INFO]: Exit by Keyboard
2024-10-03 18:44:51,391 piTelex.txDevITelexCommon [WARNING]: While disconnecting, transmit buffer not empty, discarded; contents were: ['0', '0', '0', '?']
2024-10-03 18:45:03,251 piTelex [INFO]: ===== piTelex rev 1bf6789 Update telex.json
2024-10-03 18:45:03,257 piTelex.txDevITelexSrv [WARNING]: Invalid own number, ignored: 0
2024-10-03 18:45:03,272 piTelex.txDevArchive [INFO]: Archiving in '/Users/volker_kerkhoff/Projects/kerk1v/piTelex/./archive/'
2024-10-03 18:45:08,489 piTelex.txDevITelexClient [INFO]: Get User: '0'
2024-10-03 18:45:08,490 piTelex.txDevITelexClient [INFO]: No user found for number '0'
2024-10-03 18:45:08,774 piTelex.txDevMCP [INFO]: Printer start timer enabled
2024-10-03 18:45:08,780 piTelex.txDevArchive [INFO]: recording new message
2024-10-03 18:45:13,801 piTelex.txDevMCP [WARNING]: Printer start attempt timed out, feedback simulation enabled
2024-10-03 18:45:24,363 piTelex.txDevArchive [INFO]: No WRU answerback found
2024-10-03 18:45:24,364 piTelex.txDevArchive [INFO]: saving /Users/volker_kerkhoff/Projects/kerk1v/piTelex/./archive/2024-10-03 18.45.08.780 msg to !0.txt, length 25
2024-10-03 18:46:09,522 piTelex.txDevArchive [WARNING]: Redundant printer stop command detected (ignored)
2024-10-03 18:46:29,743 piTelex.txDevITelexClient [INFO]: Get User: '4'
2024-10-03 18:46:29,744 piTelex.txDevITelexClient [INFO]: No user found for number '4'
2024-10-03 18:46:30,115 piTelex.txDevITelexClient [INFO]: Get User: '48'
2024-10-03 18:46:30,116 piTelex.txDevITelexClient [INFO]: No user found for number '48'
2024-10-03 18:46:30,227 piTelex.txDevITelexClient [INFO]: Get User: '488'
2024-10-03 18:46:30,227 piTelex.txDevITelexClient [INFO]: No user found for number '488'
2024-10-03 18:46:30,578 piTelex.txDevITelexClient [INFO]: Get User: '4882'
2024-10-03 18:46:30,578 piTelex.txDevITelexClient [INFO]: No user found for number '4882'
2024-10-03 18:46:30,665 piTelex.txDevITelexClient [INFO]: Get User: '48822'
2024-10-03 18:46:30,993 piTelex.txDevITelexClient [INFO]: Found user in TNS: {'TNum': '48822', 'ENum': None, 'Name': 'Volker, Benalmadena (ES) :T1000', 'Type': 'I', 'Host': 'teletipo.ath.cx', 'Port': 134}
2024-10-03 18:46:30,994 piTelex.txDevITelexClient [INFO]: connecting to Volker, Benalmadena (ES) :T1000 (teletipo.ath.cx:134)
2024-10-03 18:46:31,057 piTelex.txDevITelexCommon [INFO]: Sending direct dial: None
2024-10-03 18:46:31,058 piTelex.txDevITelexClient [INFO]: connected
2024-10-03 18:46:31,058 piTelex.txDevITelexCommon [INFO]: Connection hint: i-Telex connection
2024-10-03 18:46:31,058 piTelex.txDevITelexCommon [INFO]: State transition: 2=>3
2024-10-03 18:46:31,909 piTelex.txDevITelexCommon [INFO]: State transition: 3=>4
2024-10-03 18:46:31,917 piTelex.txDevMCP [INFO]: Printer start timer enabled
2024-10-03 18:46:31,917 piTelex.txDevArchive [INFO]: recording new message
2024-10-03 18:46:36,962 piTelex.txDevMCP [WARNING]: Printer start attempt timed out, feedback simulation enabled
2024-10-03 18:46:37,145 piTelex.txDevITelexCommon [INFO]: State transition: 4=>5
2024-10-03 18:46:37,145 piTelex.txDevITelexCommon [INFO]: State transition: 5=>6
2024-10-03 18:48:42,953 piTelex.txDevArchive [INFO]: saving /Users/volker_kerkhoff/Projects/kerk1v/piTelex/./archive/2024-10-03 18.46.31.917 msg to 48822 sama e#.txt, length 98
2024-10-03 18:48:43,065 piTelex.txDevITelexCommon [INFO]: end connection
2024-10-03 18:48:43,065 piTelex.txDevITelexCommon [INFO]: State transition: 6=>2
2024-10-03 18:48:43,072 piTelex.txDevArchive [WARNING]: Redundant printer stop command detected (ignored)
2024-10-03 18:49:07,479 piTelex.__main__ [INFO]: Exit by Keyboard
2024-10-03 18:49:07,480 piTelex.txDevITelexCommon [WARNING]: While disconnecting, transmit buffer not empty, discarded; contents were: ['0', '0', '0', '\r', '\n', '\r', '\n', '\r', '\n', '\r', '\n', '\r', '\n', 'H', 'S', 'H', 'D', 'H', 'G', 'D', 'G', 'D', '\r', '\n', '4', '8', '8', '2', '2', '\r', '\n', '\r', '\n', '4', '8', '8', '2', '2', 'H', 'A', 'L', 'L', 'O', ' ', '\r', '\n', 'H', 'I', 'E', 'R', ' ', 'B', 'I', 'N', ' ', 'I', 'C', 'H', ' ', '\r', '\n', 'T', 'E', 'S', 'T', '\r', '\n', 'G', 'E', 'I', 'L', '\r', '\n', '@', '#', '\r', '\n']
2024-10-03 18:49:09,176 piTelex.__main__ [CRITICAL]: Traceback (most recent call last):
  File "/opt/homebrew/Cellar/python@3.12/3.12.6/Frameworks/Python.framework/Versions/3.12/lib/python3.12/threading.py", line 1624, in _shutdown
    lock.acquire()
KeyboardInterrupt

2024-10-03 18:50:14,290 piTelex [INFO]: ===== piTelex rev 1bf6789 Update telex.json
2024-10-03 18:50:14,295 piTelex.txDevITelexSrv [WARNING]: Invalid own number, ignored: 0
2024-10-03 18:50:14,311 piTelex.txDevArchive [INFO]: Archiving in '/Users/volker_kerkhoff/Projects/kerk1v/piTelex/./archive/'
2024-10-03 18:50:18,818 piTelex.txDevITelexClient [INFO]: Get User: '4'
2024-10-03 18:50:18,818 piTelex.txDevITelexClient [INFO]: No user found for number '4'
2024-10-03 18:50:19,069 piTelex.txDevITelexClient [INFO]: Get User: '48'
2024-10-03 18:50:19,069 piTelex.txDevITelexClient [INFO]: No user found for number '48'
2024-10-03 18:50:19,196 piTelex.txDevITelexClient [INFO]: Get User: '488'
2024-10-03 18:50:19,196 piTelex.txDevITelexClient [INFO]: No user found for number '488'
2024-10-03 18:50:19,486 piTelex.txDevITelexClient [INFO]: Get User: '4882'
2024-10-03 18:50:19,486 piTelex.txDevITelexClient [INFO]: No user found for number '4882'
2024-10-03 18:50:19,602 piTelex.txDevITelexClient [INFO]: Get User: '48822'
2024-10-03 18:50:19,791 piTelex.txDevITelexClient [INFO]: Found user in TNS: {'TNum': '48822', 'ENum': None, 'Name': 'Volker, Benalmadena (ES) :T1000', 'Type': 'I', 'Host': 'teletipo.ath.cx', 'Port': 134}
2024-10-03 18:50:19,791 piTelex.txDevITelexClient [INFO]: connecting to Volker, Benalmadena (ES) :T1000 (teletipo.ath.cx:134)
2024-10-03 18:50:19,856 piTelex.txDevITelexCommon [INFO]: Sending direct dial: None
2024-10-03 18:50:19,857 piTelex.txDevITelexClient [INFO]: connected
2024-10-03 18:50:19,857 piTelex.txDevITelexCommon [INFO]: Connection hint: i-Telex connection
2024-10-03 18:50:19,857 piTelex.txDevITelexCommon [INFO]: State transition: 2=>3
2024-10-03 18:50:20,925 piTelex.txDevITelexCommon [INFO]: State transition: 3=>4
2024-10-03 18:50:20,934 piTelex.txDevMCP [INFO]: Printer start timer enabled
2024-10-03 18:50:20,934 piTelex.txDevArchive [INFO]: recording new message
2024-10-03 18:50:25,973 piTelex.txDevMCP [WARNING]: Printer start attempt timed out, feedback simulation enabled
2024-10-03 18:50:26,158 piTelex.txDevITelexCommon [INFO]: State transition: 4=>5
2024-10-03 18:50:26,158 piTelex.txDevITelexCommon [INFO]: State transition: 5=>6
2024-10-03 18:50:27,211 piTelex.txDevMCP [INFO]: Sending software WRU response: '61578 volker e'
2024-10-03 18:51:12,235 piTelex.txDevArchive [INFO]: saving /Users/volker_kerkhoff/Projects/kerk1v/piTelex/./archive/2024-10-03 18.50.20.934 msg to 822 sama e.txt, length 140
2024-10-03 18:51:12,277 piTelex.txDevITelexCommon [INFO]: end connection
2024-10-03 18:51:12,278 piTelex.txDevITelexCommon [INFO]: State transition: 6=>2
2024-10-03 18:51:12,279 piTelex.txDevArchive [WARNING]: Redundant printer stop command detected (ignored)
2024-10-03 18:51:42,174 piTelex.__main__ [INFO]: Exit by Keyboard
2024-10-03 18:51:42,175 piTelex.txDevITelexCommon [WARNING]: While disconnecting, transmit buffer not empty, discarded; contents were: ['4', '8', '8', '2', '2', '<', '\r', '\n', '6', '1', '5', '7', '8', ' ', 'v', 'o', 'l', 'k', 'e', 'r', ' ', 'e', '\r', '\n', '@', '\r', '\n', '\r', '\n', '\r', '\n', 'T', 'E', 'S', 'T', ' ', 'M', 'A', 'L', ' ', 'S', 'E', 'H', 'E', 'N', ' ', 'W', 'I', 'E', ' ', 'U', 'N', 'D', ' ', 'W', 'A', 'R', 'U', 'M', '\r', '\n', '@', '\r', '\n', '\r', '\n', '\r', '\n']
